<?xml version="1.0" encoding="UTF-8"?>
<testsuite xmlns:xsi="http://www.w3.org/2001/XMLSchema-instance" xsi:noNamespaceSchemaLocation="https://maven.apache.org/surefire/maven-surefire-plugin/xsd/surefire-test-report.xsd" name="com.soprasteria.panier.model.TestPanier" time="0.021" tests="2" errors="0" skipped="0" failures="0">
  <properties>
[...]
</properties>
  <testcase name="testAjouterArticleEnTrop" classname="com.soprasteria.panier.model.TestPanier" time="0.006"/>
  <testcase name="testAjouterArticle" classname="com.soprasteria.panier.model.TestPanier" time="0.002"/>
</testsuite>